# JRE version: Java(TM) SE Runtime Environment (8.0_112-b15) (build 1.8.0_112-b15)
# Java VM: Java HotSpot(TM) 64-Bit Server VM (25.112-b15 mixed mode windows-amd64 compressed oops)
Heap:
 PSYoungGen      total 46080K, used 15413K [0x00000007bc400000, 0x00000007c0000000, 0x00000007c0000000)
  eden space 31744K, 38% used [0x00000007bc400000,0x00000007bcfef530,0x00000007be300000)
  from space 14336K, 22% used [0x00000007be300000,0x00000007be61e010,0x00000007bf100000)
  to   space 13312K, 0% used [0x00000007bf300000,0x00000007bf300000,0x00000007c0000000)
 ParOldGen       total 108544K, used 39463K [0x0000000700000000, 0x0000000706a00000, 0x00000007bc400000)
  object space 108544K, 36% used [0x0000000700000000,0x0000000702689fa8,0x0000000706a00000)
 Metaspace       used 60721K, capacity 61267K, committed 61744K, reserved 1101824K
  class space    used 8526K, capacity 8670K, committed 8752K, reserved 1048576K
GC Heap History (10 events):
Event: 91.270 GC heap before
{Heap before GC invocations=25 (full 4):
 PSYoungGen      total 42496K, used 23520K [0x00000007bc400000, 0x00000007c0000000, 0x00000007c0000000)
  eden space 23040K, 100% used [0x00000007bc400000,0x00000007bda80000,0x00000007bda80000)
  from space 19456K, 2% used [0x00000007bed00000,0x00000007bed78000,0x00000007c0000000)
  to   space 18944K, 0% used [0x00000007bda80000,0x00000007bda80000,0x00000007bed00000)
 ParOldGen       total 108544K, used 39423K [0x0000000700000000, 0x0000000706a00000, 0x00000007bc400000)
  object space 108544K, 36% used [0x0000000700000000,0x000000070267ffa8,0x0000000706a00000)
 Metaspace       used 59570K, capacity 60077K, committed 60592K, reserved 1101824K
  class space    used 8398K, capacity 8533K, committed 8624K, reserved 1048576K
Event: 91.275 GC heap after
Heap after GC invocations=25 (full 4):
 PSYoungGen      total 41984K, used 2211K [0x00000007bc400000, 0x00000007c0000000, 0x00000007c0000000)
  eden space 23040K, 0% used [0x00000007bc400000,0x00000007bc400000,0x00000007bda80000)
  from space 18944K, 11% used [0x00000007bda80000,0x00000007bdca8fe8,0x00000007bed00000)
  to   space 17920K, 0% used [0x00000007bee80000,0x00000007bee80000,0x00000007c0000000)
 ParOldGen       total 108544K, used 39431K [0x0000000700000000, 0x0000000706a00000, 0x00000007bc400000)
  object space 108544K, 36% used [0x0000000700000000,0x0000000702681fa8,0x0000000706a00000)
 Metaspace       used 59570K, capacity 60077K, committed 60592K, reserved 1101824K
  class space    used 8398K, capacity 8533K, committed 8624K, reserved 1048576K
}
Event: 91.945 GC heap before
{Heap before GC invocations=26 (full 4):
 PSYoungGen      total 41984K, used 25251K [0x00000007bc400000, 0x00000007c0000000, 0x00000007c0000000)
  eden space 23040K, 100% used [0x00000007bc400000,0x00000007bda80000,0x00000007bda80000)
  from space 18944K, 11% used [0x00000007bda80000,0x00000007bdca8fe8,0x00000007bed00000)
  to   space 17920K, 0% used [0x00000007bee80000,0x00000007bee80000,0x00000007c0000000)
 ParOldGen       total 108544K, used 39431K [0x0000000700000000, 0x0000000706a00000, 0x00000007bc400000)
  object space 108544K, 36% used [0x0000000700000000,0x0000000702681fa8,0x0000000706a00000)
 Metaspace       used 60042K, capacity 60537K, committed 61104K, reserved 1101824K
  class space    used 8479K, capacity 8599K, committed 8624K, reserved 1048576K
Event: 91.953 GC heap after
Heap after GC invocations=26 (full 4):
 PSYoungGen      total 45056K, used 2612K [0x00000007bc400000, 0x00000007c0000000, 0x00000007c0000000)
  eden space 27136K, 0% used [0x00000007bc400000,0x00000007bc400000,0x00000007bde80000)
  from space 17920K, 14% used [0x00000007bee80000,0x00000007bf10d0a8,0x00000007c0000000)
  to   space 16384K, 0% used [0x00000007bde80000,0x00000007bde80000,0x00000007bee80000)
 ParOldGen       total 108544K, used 39439K [0x0000000700000000, 0x0000000706a00000, 0x00000007bc400000)
  object space 108544K, 36% used [0x0000000700000000,0x0000000702683fa8,0x0000000706a00000)
 Metaspace       used 60042K, capacity 60537K, committed 61104K, reserved 1101824K
  class space    used 8479K, capacity 8599K, committed 8624K, reserved 1048576K
}
Event: 92.549 GC heap before
{Heap before GC invocations=27 (full 4):
 PSYoungGen      total 45056K, used 29748K [0x00000007bc400000, 0x00000007c0000000, 0x00000007c0000000)
  eden space 27136K, 100% used [0x00000007bc400000,0x00000007bde80000,0x00000007bde80000)
  from space 17920K, 14% used [0x00000007bee80000,0x00000007bf10d0a8,0x00000007c0000000)
  to   space 16384K, 0% used [0x00000007bde80000,0x00000007bde80000,0x00000007bee80000)
 ParOldGen       total 108544K, used 39439K [0x0000000700000000, 0x0000000706a00000, 0x00000007bc400000)
  object space 108544K, 36% used [0x0000000700000000,0x0000000702683fa8,0x0000000706a00000)
 Metaspace       used 60208K, capacity 60709K, committed 61232K, reserved 1101824K
  class space    used 8495K, capacity 8633K, committed 8752K, reserved 1048576K
Event: 92.553 GC heap after
Heap after GC invocations=27 (full 4):
 PSYoungGen      total 43520K, used 2816K [0x00000007bc400000, 0x00000007c0000000, 0x00000007c0000000)
  eden space 27136K, 0% used [0x00000007bc400000,0x00000007bc400000,0x00000007bde80000)
  from space 16384K, 17% used [0x00000007bde80000,0x00000007be140000,0x00000007bee80000)
  to   space 15360K, 0% used [0x00000007bf100000,0x00000007bf100000,0x00000007c0000000)
 ParOldGen       total 108544K, used 39447K [0x0000000700000000, 0x0000000706a00000, 0x00000007bc400000)
  object space 108544K, 36% used [0x0000000700000000,0x0000000702685fa8,0x0000000706a00000)
 Metaspace       used 60208K, capacity 60709K, committed 61232K, reserved 1101824K
  class space    used 8495K, capacity 8633K, committed 8752K, reserved 1048576K
}
Event: 130.415 GC heap before
{Heap before GC invocations=28 (full 4):
 PSYoungGen      total 43520K, used 29952K [0x00000007bc400000, 0x00000007c0000000, 0x00000007c0000000)
  eden space 27136K, 100% used [0x00000007bc400000,0x00000007bde80000,0x00000007bde80000)
  from space 16384K, 17% used [0x00000007bde80000,0x00000007be140000,0x00000007bee80000)
  to   space 15360K, 0% used [0x00000007bf100000,0x00000007bf100000,0x00000007c0000000)
 ParOldGen       total 108544K, used 39447K [0x0000000700000000, 0x0000000706a00000, 0x00000007bc400000)
  object space 108544K, 36% used [0x0000000700000000,0x0000000702685fa8,0x0000000706a00000)
 Metaspace       used 60653K, capacity 61139K, committed 61744K, reserved 1101824K
  class space    used 8525K, capacity 8670K, committed 8752K, reserved 1048576K
Event: 130.425 GC heap after
Heap after GC invocations=28 (full 4):
 PSYoungGen      total 47104K, used 3008K [0x00000007bc400000, 0x00000007c0000000, 0x00000007c0000000)
  eden space 31744K, 0% used [0x00000007bc400000,0x00000007bc400000,0x00000007be300000)
  from space 15360K, 19% used [0x00000007bf100000,0x00000007bf3f0000,0x00000007c0000000)
  to   space 14336K, 0% used [0x00000007be300000,0x00000007be300000,0x00000007bf100000)
 ParOldGen       total 108544K, used 39455K [0x0000000700000000, 0x0000000706a00000, 0x00000007bc400000)
  object space 108544K, 36% used [0x0000000700000000,0x0000000702687fa8,0x0000000706a00000)
 Metaspace       used 60653K, capacity 61139K, committed 61744K, reserved 1101824K
  class space    used 8525K, capacity 8670K, committed 8752K, reserved 1048576K
}
Event: 209.483 GC heap before
{Heap before GC invocations=29 (full 4):
 PSYoungGen      total 47104K, used 34752K [0x00000007bc400000, 0x00000007c0000000, 0x00000007c0000000)
  eden space 31744K, 100% used [0x00000007bc400000,0x00000007be300000,0x00000007be300000)
  from space 15360K, 19% used [0x00000007bf100000,0x00000007bf3f0000,0x00000007c0000000)
  to   space 14336K, 0% used [0x00000007be300000,0x00000007be300000,0x00000007bf100000)
 ParOldGen       total 108544K, used 39455K [0x0000000700000000, 0x0000000706a00000, 0x00000007bc400000)
  object space 108544K, 36% used [0x0000000700000000,0x0000000702687fa8,0x0000000706a00000)
 Metaspace       used 60709K, capacity 61203K, committed 61744K, reserved 1101824K
  class space    used 8526K, capacity 8670K, committed 8752K, reserved 1048576K
Event: 209.494 GC heap after
Heap after GC invocations=29 (full 4):
 PSYoungGen      total 46080K, used 3192K [0x00000007bc400000, 0x00000007c0000000, 0x00000007c0000000)
  eden space 31744K, 0% used [0x00000007bc400000,0x00000007bc400000,0x00000007be300000)
  from space 14336K, 22% used [0x00000007be300000,0x00000007be61e010,0x00000007bf100000)
  to   space 13312K, 0% used [0x00000007bf300000,0x00000007bf300000,0x00000007c0000000)
 ParOldGen       total 108544K, used 39463K [0x0000000700000000, 0x0000000706a00000, 0x00000007bc400000)
  object space 108544K, 36% used [0x0000000700000000,0x0000000702689fa8,0x0000000706a00000)
 Metaspace       used 60709K, capacity 61203K, committed 61744K, reserved 1101824K
  class space    used 8526K, capacity 8670K, committed 8752K, reserved 1048576K
}

