# JRE version: Java(TM) SE Runtime Environment (8.0_112-b15) (build 1.8.0_112-b15)
# Java VM: Java HotSpot(TM) 64-Bit Server VM (25.112-b15 mixed mode windows-amd64 compressed oops)
Heap:
 PSYoungGen      total 52736K, used 36312K [0x00000007bc400000, 0x00000007c0000000, 0x00000007c0000000)
  eden space 45056K, 63% used [0x00000007bc400000,0x00000007bdffa8b0,0x00000007bf000000)
  from space 7680K, 99% used [0x00000007bf100000,0x00000007bf87b9f0,0x00000007bf880000)
  to   space 7680K, 0% used [0x00000007bf880000,0x00000007bf880000,0x00000007c0000000)
 ParOldGen       total 78336K, used 23913K [0x0000000700000000, 0x0000000704c80000, 0x00000007bc400000)
  object space 78336K, 30% used [0x0000000700000000,0x000000070175a420,0x0000000704c80000)
 Metaspace       used 39073K, capacity 39293K, committed 39600K, reserved 1083392K
  class space    used 4910K, capacity 4979K, committed 5040K, reserved 1048576K
GC Heap History (10 events):
Event: 14.550 GC heap before
{Heap before GC invocations=3 (full 1):
 PSYoungGen      total 53760K, used 7659K [0x00000007bc400000, 0x00000007c0000000, 0x00000007c0000000)
  eden space 46080K, 0% used [0x00000007bc400000,0x00000007bc400000,0x00000007bf100000)
  from space 7680K, 99% used [0x00000007bf880000,0x00000007bfffad68,0x00000007c0000000)
  to   space 7680K, 0% used [0x00000007bf100000,0x00000007bf100000,0x00000007bf880000)
 ParOldGen       total 69632K, used 8665K [0x0000000700000000, 0x0000000704400000, 0x00000007bc400000)
  object space 69632K, 12% used [0x0000000700000000,0x0000000700876650,0x0000000704400000)
 Metaspace       used 21131K, capacity 21236K, committed 21296K, reserved 1069056K
  class space    used 2303K, capacity 2349K, committed 2352K, reserved 1048576K
Event: 14.589 GC heap after
Heap after GC invocations=3 (full 1):
 PSYoungGen      total 53760K, used 0K [0x00000007bc400000, 0x00000007c0000000, 0x00000007c0000000)
  eden space 46080K, 0% used [0x00000007bc400000,0x00000007bc400000,0x00000007bf100000)
  from space 7680K, 0% used [0x00000007bf880000,0x00000007bf880000,0x00000007c0000000)
  to   space 7680K, 0% used [0x00000007bf100000,0x00000007bf100000,0x00000007bf880000)
 ParOldGen       total 69632K, used 14581K [0x0000000700000000, 0x0000000704400000, 0x00000007bc400000)
  object space 69632K, 20% used [0x0000000700000000,0x0000000700e3d4f8,0x0000000704400000)
 Metaspace       used 21131K, capacity 21236K, committed 21296K, reserved 1069056K
  class space    used 2303K, capacity 2349K, committed 2352K, reserved 1048576K
}
Event: 19.946 GC heap before
{Heap before GC invocations=4 (full 1):
 PSYoungGen      total 53760K, used 46080K [0x00000007bc400000, 0x00000007c0000000, 0x00000007c0000000)
  eden space 46080K, 100% used [0x00000007bc400000,0x00000007bf100000,0x00000007bf100000)
  from space 7680K, 0% used [0x00000007bf880000,0x00000007bf880000,0x00000007c0000000)
  to   space 7680K, 0% used [0x00000007bf100000,0x00000007bf100000,0x00000007bf880000)
 ParOldGen       total 69632K, used 14581K [0x0000000700000000, 0x0000000704400000, 0x00000007bc400000)
  object space 69632K, 20% used [0x0000000700000000,0x0000000700e3d4f8,0x0000000704400000)
 Metaspace       used 30270K, capacity 30482K, committed 30768K, reserved 1077248K
  class space    used 3777K, capacity 3844K, committed 3888K, reserved 1048576K
Event: 19.951 GC heap after
Heap after GC invocations=4 (full 1):
 PSYoungGen      total 53760K, used 6849K [0x00000007bc400000, 0x00000007c0000000, 0x00000007c0000000)
  eden space 46080K, 0% used [0x00000007bc400000,0x00000007bc400000,0x00000007bf100000)
  from space 7680K, 89% used [0x00000007bf100000,0x00000007bf7b0638,0x00000007bf880000)
  to   space 7680K, 0% used [0x00000007bf880000,0x00000007bf880000,0x00000007c0000000)
 ParOldGen       total 69632K, used 14589K [0x0000000700000000, 0x0000000704400000, 0x00000007bc400000)
  object space 69632K, 20% used [0x0000000700000000,0x0000000700e3f4f8,0x0000000704400000)
 Metaspace       used 30270K, capacity 30482K, committed 30768K, reserved 1077248K
  class space    used 3777K, capacity 3844K, committed 3888K, reserved 1048576K
}
Event: 24.942 GC heap before
{Heap before GC invocations=5 (full 1):
 PSYoungGen      total 53760K, used 46419K [0x00000007bc400000, 0x00000007c0000000, 0x00000007c0000000)
  eden space 46080K, 85% used [0x00000007bc400000,0x00000007beaa4640,0x00000007bf100000)
  from space 7680K, 89% used [0x00000007bf100000,0x00000007bf7b0638,0x00000007bf880000)
  to   space 7680K, 0% used [0x00000007bf880000,0x00000007bf880000,0x00000007c0000000)
 ParOldGen       total 69632K, used 14589K [0x0000000700000000, 0x0000000704400000, 0x00000007bc400000)
  object space 69632K, 20% used [0x0000000700000000,0x0000000700e3f4f8,0x0000000704400000)
 Metaspace       used 34933K, capacity 35151K, committed 35496K, reserved 1081344K
  class space    used 4291K, capacity 4362K, committed 4400K, reserved 1048576K
Event: 24.961 GC heap after
Heap after GC invocations=5 (full 1):
 PSYoungGen      total 53760K, used 7660K [0x00000007bc400000, 0x00000007c0000000, 0x00000007c0000000)
  eden space 46080K, 0% used [0x00000007bc400000,0x00000007bc400000,0x00000007bf100000)
  from space 7680K, 99% used [0x00000007bf880000,0x00000007bfffb1f8,0x00000007c0000000)
  to   space 7680K, 0% used [0x00000007bf100000,0x00000007bf100000,0x00000007bf880000)
 ParOldGen       total 69632K, used 19763K [0x0000000700000000, 0x0000000704400000, 0x00000007bc400000)
  object space 69632K, 28% used [0x0000000700000000,0x000000070134cd98,0x0000000704400000)
 Metaspace       used 34933K, capacity 35151K, committed 35496K, reserved 1081344K
  class space    used 4291K, capacity 4362K, committed 4400K, reserved 1048576K
}
Event: 24.961 GC heap before
{Heap before GC invocations=6 (full 2):
 PSYoungGen      total 53760K, used 7660K [0x00000007bc400000, 0x00000007c0000000, 0x00000007c0000000)
  eden space 46080K, 0% used [0x00000007bc400000,0x00000007bc400000,0x00000007bf100000)
  from space 7680K, 99% used [0x00000007bf880000,0x00000007bfffb1f8,0x00000007c0000000)
  to   space 7680K, 0% used [0x00000007bf100000,0x00000007bf100000,0x00000007bf880000)
 ParOldGen       total 69632K, used 19763K [0x0000000700000000, 0x0000000704400000, 0x00000007bc400000)
  object space 69632K, 28% used [0x0000000700000000,0x000000070134cd98,0x0000000704400000)
 Metaspace       used 34933K, capacity 35151K, committed 35496K, reserved 1081344K
  class space    used 4291K, capacity 4362K, committed 4400K, reserved 1048576K
Event: 25.035 GC heap after
Heap after GC invocations=6 (full 2):
 PSYoungGen      total 53760K, used 0K [0x00000007bc400000, 0x00000007c0000000, 0x00000007c0000000)
  eden space 46080K, 0% used [0x00000007bc400000,0x00000007bc400000,0x00000007bf100000)
  from space 7680K, 0% used [0x00000007bf880000,0x00000007bf880000,0x00000007c0000000)
  to   space 7680K, 0% used [0x00000007bf100000,0x00000007bf100000,0x00000007bf880000)
 ParOldGen       total 78336K, used 23155K [0x0000000700000000, 0x0000000704c80000, 0x00000007bc400000)
  object space 78336K, 29% used [0x0000000700000000,0x000000070169ce10,0x0000000704c80000)
 Metaspace       used 34933K, capacity 35151K, committed 35496K, reserved 1081344K
  class space    used 4291K, capacity 4362K, committed 4400K, reserved 1048576K
}
Event: 29.024 GC heap before
{Heap before GC invocations=7 (full 2):
 PSYoungGen      total 53760K, used 46080K [0x00000007bc400000, 0x00000007c0000000, 0x00000007c0000000)
  eden space 46080K, 100% used [0x00000007bc400000,0x00000007bf100000,0x00000007bf100000)
  from space 7680K, 0% used [0x00000007bf880000,0x00000007bf880000,0x00000007c0000000)
  to   space 7680K, 0% used [0x00000007bf100000,0x00000007bf100000,0x00000007bf880000)
 ParOldGen       total 78336K, used 23155K [0x0000000700000000, 0x0000000704c80000, 0x00000007bc400000)
  object space 78336K, 29% used [0x0000000700000000,0x000000070169ce10,0x0000000704c80000)
 Metaspace       used 38957K, capacity 39165K, committed 39600K, reserved 1083392K
  class space    used 4910K, capacity 4979K, committed 5040K, reserved 1048576K
Event: 29.033 GC heap after
Heap after GC invocations=7 (full 2):
 PSYoungGen      total 52736K, used 7662K [0x00000007bc400000, 0x00000007c0000000, 0x00000007c0000000)
  eden space 45056K, 0% used [0x00000007bc400000,0x00000007bc400000,0x00000007bf000000)
  from space 7680K, 99% used [0x00000007bf100000,0x00000007bf87b9f0,0x00000007bf880000)
  to   space 7680K, 0% used [0x00000007bf880000,0x00000007bf880000,0x00000007c0000000)
 ParOldGen       total 78336K, used 23913K [0x0000000700000000, 0x0000000704c80000, 0x00000007bc400000)
  object space 78336K, 30% used [0x0000000700000000,0x000000070175a420,0x0000000704c80000)
 Metaspace       used 38957K, capacity 39165K, committed 39600K, reserved 1083392K
  class space    used 4910K, capacity 4979K, committed 5040K, reserved 1048576K
}

