# JRE version: Java(TM) SE Runtime Environment (8.0_112-b15) (build 1.8.0_112-b15)
# Java VM: Java HotSpot(TM) 64-Bit Server VM (25.112-b15 mixed mode windows-amd64 compressed oops)
Heap:
 PSYoungGen      total 53760K, used 42119K [0x00000007bc400000, 0x00000007c0000000, 0x00000007c0000000)
  eden space 47104K, 77% used [0x00000007bc400000,0x00000007be7a6ef8,0x00000007bf200000)
  from space 6656K, 84% used [0x00000007bf980000,0x00000007bfefb060,0x00000007c0000000)
  to   space 7168K, 0% used [0x00000007bf200000,0x00000007bf200000,0x00000007bf900000)
 ParOldGen       total 107520K, used 59378K [0x0000000700000000, 0x0000000706900000, 0x00000007bc400000)
  object space 107520K, 55% used [0x0000000700000000,0x00000007039fc8a0,0x0000000706900000)
 Metaspace       used 69343K, capacity 69939K, committed 70528K, reserved 1110016K
  class space    used 9477K, capacity 9600K, committed 9600K, reserved 1048576K
GC Heap History (10 events):
Event: 2381.855 GC heap before
{Heap before GC invocations=104 (full 6):
 PSYoungGen      total 54272K, used 50147K [0x00000007bc400000, 0x00000007c0000000, 0x00000007c0000000)
  eden space 47104K, 100% used [0x00000007bc400000,0x00000007bf200000,0x00000007bf200000)
  from space 7168K, 42% used [0x00000007bf200000,0x00000007bf4f8e60,0x00000007bf900000)
  to   space 6656K, 0% used [0x00000007bf980000,0x00000007bf980000,0x00000007c0000000)
 ParOldGen       total 107520K, used 59086K [0x0000000700000000, 0x0000000706900000, 0x00000007bc400000)
  object space 107520K, 54% used [0x0000000700000000,0x00000007039b38b0,0x0000000706900000)
 Metaspace       used 69054K, capacity 69671K, committed 70272K, reserved 1110016K
  class space    used 9461K, capacity 9598K, committed 9600K, reserved 1048576K
Event: 2381.862 GC heap after
Heap after GC invocations=104 (full 6):
 PSYoungGen      total 54784K, used 4574K [0x00000007bc400000, 0x00000007c0000000, 0x00000007c0000000)
  eden space 48128K, 0% used [0x00000007bc400000,0x00000007bc400000,0x00000007bf300000)
  from space 6656K, 68% used [0x00000007bf980000,0x00000007bfdf7888,0x00000007c0000000)
  to   space 6656K, 0% used [0x00000007bf300000,0x00000007bf300000,0x00000007bf980000)
 ParOldGen       total 107520K, used 59118K [0x0000000700000000, 0x0000000706900000, 0x00000007bc400000)
  object space 107520K, 54% used [0x0000000700000000,0x00000007039bb8b0,0x0000000706900000)
 Metaspace       used 69054K, capacity 69671K, committed 70272K, reserved 1110016K
  class space    used 9461K, capacity 9598K, committed 9600K, reserved 1048576K
}
Event: 2384.301 GC heap before
{Heap before GC invocations=105 (full 6):
 PSYoungGen      total 54784K, used 52702K [0x00000007bc400000, 0x00000007c0000000, 0x00000007c0000000)
  eden space 48128K, 100% used [0x00000007bc400000,0x00000007bf300000,0x00000007bf300000)
  from space 6656K, 68% used [0x00000007bf980000,0x00000007bfdf7888,0x00000007c0000000)
  to   space 6656K, 0% used [0x00000007bf300000,0x00000007bf300000,0x00000007bf980000)
 ParOldGen       total 107520K, used 59118K [0x0000000700000000, 0x0000000706900000, 0x00000007bc400000)
  object space 107520K, 54% used [0x0000000700000000,0x00000007039bb8b0,0x0000000706900000)
 Metaspace       used 69106K, capacity 69735K, committed 70272K, reserved 1110016K
  class space    used 9464K, capacity 9598K, committed 9600K, reserved 1048576K
Event: 2384.308 GC heap after
Heap after GC invocations=105 (full 6):
 PSYoungGen      total 54784K, used 3469K [0x00000007bc400000, 0x00000007c0000000, 0x00000007c0000000)
  eden space 48128K, 0% used [0x00000007bc400000,0x00000007bc400000,0x00000007bf300000)
  from space 6656K, 52% used [0x00000007bf300000,0x00000007bf663660,0x00000007bf980000)
  to   space 6656K, 0% used [0x00000007bf980000,0x00000007bf980000,0x00000007c0000000)
 ParOldGen       total 107520K, used 59142K [0x0000000700000000, 0x0000000706900000, 0x00000007bc400000)
  object space 107520K, 55% used [0x0000000700000000,0x00000007039c18b0,0x0000000706900000)
 Metaspace       used 69106K, capacity 69735K, committed 70272K, reserved 1110016K
  class space    used 9464K, capacity 9598K, committed 9600K, reserved 1048576K
}
Event: 2384.689 GC heap before
{Heap before GC invocations=106 (full 6):
 PSYoungGen      total 54784K, used 51597K [0x00000007bc400000, 0x00000007c0000000, 0x00000007c0000000)
  eden space 48128K, 100% used [0x00000007bc400000,0x00000007bf300000,0x00000007bf300000)
  from space 6656K, 52% used [0x00000007bf300000,0x00000007bf663660,0x00000007bf980000)
  to   space 6656K, 0% used [0x00000007bf980000,0x00000007bf980000,0x00000007c0000000)
 ParOldGen       total 107520K, used 59142K [0x0000000700000000, 0x0000000706900000, 0x00000007bc400000)
  object space 107520K, 55% used [0x0000000700000000,0x00000007039c18b0,0x0000000706900000)
 Metaspace       used 69142K, capacity 69799K, committed 70272K, reserved 1110016K
  class space    used 9464K, capacity 9598K, committed 9600K, reserved 1048576K
Event: 2384.695 GC heap after
Heap after GC invocations=106 (full 6):
 PSYoungGen      total 54784K, used 3715K [0x00000007bc400000, 0x00000007c0000000, 0x00000007c0000000)
  eden space 48128K, 0% used [0x00000007bc400000,0x00000007bc400000,0x00000007bf300000)
  from space 6656K, 55% used [0x00000007bf980000,0x00000007bfd20e60,0x00000007c0000000)
  to   space 6656K, 0% used [0x00000007bf300000,0x00000007bf300000,0x00000007bf980000)
 ParOldGen       total 107520K, used 59158K [0x0000000700000000, 0x0000000706900000, 0x00000007bc400000)
  object space 107520K, 55% used [0x0000000700000000,0x00000007039c58b0,0x0000000706900000)
 Metaspace       used 69142K, capacity 69799K, committed 70272K, reserved 1110016K
  class space    used 9464K, capacity 9598K, committed 9600K, reserved 1048576K
}
Event: 2384.997 GC heap before
{Heap before GC invocations=107 (full 6):
 PSYoungGen      total 54784K, used 51843K [0x00000007bc400000, 0x00000007c0000000, 0x00000007c0000000)
  eden space 48128K, 100% used [0x00000007bc400000,0x00000007bf300000,0x00000007bf300000)
  from space 6656K, 55% used [0x00000007bf980000,0x00000007bfd20e60,0x00000007c0000000)
  to   space 6656K, 0% used [0x00000007bf300000,0x00000007bf300000,0x00000007bf980000)
 ParOldGen       total 107520K, used 59158K [0x0000000700000000, 0x0000000706900000, 0x00000007bc400000)
  object space 107520K, 55% used [0x0000000700000000,0x00000007039c58b0,0x0000000706900000)
 Metaspace       used 69197K, capacity 69799K, committed 70272K, reserved 1110016K
  class space    used 9464K, capacity 9598K, committed 9600K, reserved 1048576K
Event: 2385.004 GC heap after
Heap after GC invocations=107 (full 6):
 PSYoungGen      total 54784K, used 5146K [0x00000007bc400000, 0x00000007c0000000, 0x00000007c0000000)
  eden space 48128K, 0% used [0x00000007bc400000,0x00000007bc400000,0x00000007bf300000)
  from space 6656K, 77% used [0x00000007bf300000,0x00000007bf806a70,0x00000007bf980000)
  to   space 6656K, 0% used [0x00000007bf980000,0x00000007bf980000,0x00000007c0000000)
 ParOldGen       total 107520K, used 59182K [0x0000000700000000, 0x0000000706900000, 0x00000007bc400000)
  object space 107520K, 55% used [0x0000000700000000,0x00000007039cb8b0,0x0000000706900000)
 Metaspace       used 69197K, capacity 69799K, committed 70272K, reserved 1110016K
  class space    used 9464K, capacity 9598K, committed 9600K, reserved 1048576K
}
Event: 2385.398 GC heap before
{Heap before GC invocations=108 (full 6):
 PSYoungGen      total 54784K, used 53274K [0x00000007bc400000, 0x00000007c0000000, 0x00000007c0000000)
  eden space 48128K, 100% used [0x00000007bc400000,0x00000007bf300000,0x00000007bf300000)
  from space 6656K, 77% used [0x00000007bf300000,0x00000007bf806a70,0x00000007bf980000)
  to   space 6656K, 0% used [0x00000007bf980000,0x00000007bf980000,0x00000007c0000000)
 ParOldGen       total 107520K, used 59182K [0x0000000700000000, 0x0000000706900000, 0x00000007bc400000)
  object space 107520K, 55% used [0x0000000700000000,0x00000007039cb8b0,0x0000000706900000)
 Metaspace       used 69220K, capacity 69863K, committed 70272K, reserved 1110016K
  class space    used 9464K, capacity 9598K, committed 9600K, reserved 1048576K
Event: 2385.406 GC heap after
Heap after GC invocations=108 (full 6):
 PSYoungGen      total 53760K, used 5612K [0x00000007bc400000, 0x00000007c0000000, 0x00000007c0000000)
  eden space 47104K, 0% used [0x00000007bc400000,0x00000007bc400000,0x00000007bf200000)
  from space 6656K, 84% used [0x00000007bf980000,0x00000007bfefb060,0x00000007c0000000)
  to   space 7168K, 0% used [0x00000007bf200000,0x00000007bf200000,0x00000007bf900000)
 ParOldGen       total 107520K, used 59378K [0x0000000700000000, 0x0000000706900000, 0x00000007bc400000)
  object space 107520K, 55% used [0x0000000700000000,0x00000007039fc8a0,0x0000000706900000)
 Metaspace       used 69220K, capacity 69863K, committed 70272K, reserved 1110016K
  class space    used 9464K, capacity 9598K, committed 9600K, reserved 1048576K
}

