# JRE version: Java(TM) SE Runtime Environment (8.0_112-b15) (build 1.8.0_112-b15)
# Java VM: Java HotSpot(TM) 64-Bit Server VM (25.112-b15 mixed mode windows-amd64 compressed oops)
Heap:
 PSYoungGen      total 53760K, used 28318K [0x00000007bc400000, 0x00000007c0000000, 0x00000007c0000000)
  eden space 46080K, 61% used [0x00000007bc400000,0x00000007bdfa7a38,0x00000007bf100000)
  from space 7680K, 0% used [0x00000007bf880000,0x00000007bf880000,0x00000007c0000000)
  to   space 7680K, 0% used [0x00000007bf100000,0x00000007bf100000,0x00000007bf880000)
 ParOldGen       total 159744K, used 24545K [0x0000000700000000, 0x0000000709c00000, 0x00000007bc400000)
  object space 159744K, 15% used [0x0000000700000000,0x00000007017f86c8,0x0000000709c00000)
 Metaspace       used 37371K, capacity 37632K, committed 38144K, reserved 1083392K
  class space    used 4691K, capacity 4785K, committed 4864K, reserved 1048576K
GC Heap History (10 events):
Event: 4.420 GC heap before
{Heap before GC invocations=2 (full 0):
 PSYoungGen      total 53760K, used 41519K [0x00000007bc400000, 0x00000007c0000000, 0x00000007c0000000)
  eden space 46080K, 73% used [0x00000007bc400000,0x00000007be510a20,0x00000007bf100000)
  from space 7680K, 99% used [0x00000007bf100000,0x00000007bf87b5a0,0x00000007bf880000)
  to   space 7680K, 0% used [0x00000007bf880000,0x00000007bf880000,0x00000007c0000000)
 ParOldGen       total 69632K, used 2230K [0x0000000700000000, 0x0000000704400000, 0x00000007bc400000)
  object space 69632K, 3% used [0x0000000700000000,0x000000070022daa0,0x0000000704400000)
 Metaspace       used 20979K, capacity 21140K, committed 21296K, reserved 1069056K
  class space    used 2295K, capacity 2381K, committed 2432K, reserved 1048576K
Event: 4.441 GC heap after
Heap after GC invocations=2 (full 0):
 PSYoungGen      total 53760K, used 7656K [0x00000007bc400000, 0x00000007c0000000, 0x00000007c0000000)
  eden space 46080K, 0% used [0x00000007bc400000,0x00000007bc400000,0x00000007bf100000)
  from space 7680K, 99% used [0x00000007bf880000,0x00000007bfffa2f8,0x00000007c0000000)
  to   space 7680K, 0% used [0x00000007bf100000,0x00000007bf100000,0x00000007bf880000)
 ParOldGen       total 69632K, used 9268K [0x0000000700000000, 0x0000000704400000, 0x00000007bc400000)
  object space 69632K, 13% used [0x0000000700000000,0x000000070090d018,0x0000000704400000)
 Metaspace       used 20979K, capacity 21140K, committed 21296K, reserved 1069056K
  class space    used 2295K, capacity 2381K, committed 2432K, reserved 1048576K
}
Event: 4.441 GC heap before
{Heap before GC invocations=3 (full 1):
 PSYoungGen      total 53760K, used 7656K [0x00000007bc400000, 0x00000007c0000000, 0x00000007c0000000)
  eden space 46080K, 0% used [0x00000007bc400000,0x00000007bc400000,0x00000007bf100000)
  from space 7680K, 99% used [0x00000007bf880000,0x00000007bfffa2f8,0x00000007c0000000)
  to   space 7680K, 0% used [0x00000007bf100000,0x00000007bf100000,0x00000007bf880000)
 ParOldGen       total 69632K, used 9268K [0x0000000700000000, 0x0000000704400000, 0x00000007bc400000)
  object space 69632K, 13% used [0x0000000700000000,0x000000070090d018,0x0000000704400000)
 Metaspace       used 20979K, capacity 21140K, committed 21296K, reserved 1069056K
  class space    used 2295K, capacity 2381K, committed 2432K, reserved 1048576K
Event: 4.511 GC heap after
Heap after GC invocations=3 (full 1):
 PSYoungGen      total 53760K, used 0K [0x00000007bc400000, 0x00000007c0000000, 0x00000007c0000000)
  eden space 46080K, 0% used [0x00000007bc400000,0x00000007bc400000,0x00000007bf100000)
  from space 7680K, 0% used [0x00000007bf880000,0x00000007bf880000,0x00000007c0000000)
  to   space 7680K, 0% used [0x00000007bf100000,0x00000007bf100000,0x00000007bf880000)
 ParOldGen       total 96768K, used 14633K [0x0000000700000000, 0x0000000705e80000, 0x00000007bc400000)
  object space 96768K, 15% used [0x0000000700000000,0x0000000700e4a758,0x0000000705e80000)
 Metaspace       used 20979K, capacity 21140K, committed 21296K, reserved 1069056K
  class space    used 2295K, capacity 2381K, committed 2432K, reserved 1048576K
}
Event: 6.670 GC heap before
{Heap before GC invocations=4 (full 1):
 PSYoungGen      total 53760K, used 46080K [0x00000007bc400000, 0x00000007c0000000, 0x00000007c0000000)
  eden space 46080K, 100% used [0x00000007bc400000,0x00000007bf100000,0x00000007bf100000)
  from space 7680K, 0% used [0x00000007bf880000,0x00000007bf880000,0x00000007c0000000)
  to   space 7680K, 0% used [0x00000007bf100000,0x00000007bf100000,0x00000007bf880000)
 ParOldGen       total 96768K, used 14633K [0x0000000700000000, 0x0000000705e80000, 0x00000007bc400000)
  object space 96768K, 15% used [0x0000000700000000,0x0000000700e4a758,0x0000000705e80000)
 Metaspace       used 29643K, capacity 29906K, committed 30208K, reserved 1075200K
  class space    used 3694K, capacity 3780K, committed 3840K, reserved 1048576K
Event: 6.677 GC heap after
Heap after GC invocations=4 (full 1):
 PSYoungGen      total 53760K, used 6383K [0x00000007bc400000, 0x00000007c0000000, 0x00000007c0000000)
  eden space 46080K, 0% used [0x00000007bc400000,0x00000007bc400000,0x00000007bf100000)
  from space 7680K, 83% used [0x00000007bf100000,0x00000007bf73be98,0x00000007bf880000)
  to   space 7680K, 0% used [0x00000007bf880000,0x00000007bf880000,0x00000007c0000000)
 ParOldGen       total 96768K, used 14641K [0x0000000700000000, 0x0000000705e80000, 0x00000007bc400000)
  object space 96768K, 15% used [0x0000000700000000,0x0000000700e4c758,0x0000000705e80000)
 Metaspace       used 29643K, capacity 29906K, committed 30208K, reserved 1075200K
  class space    used 3694K, capacity 3780K, committed 3840K, reserved 1048576K
}
Event: 8.221 GC heap before
{Heap before GC invocations=5 (full 1):
 PSYoungGen      total 53760K, used 48842K [0x00000007bc400000, 0x00000007c0000000, 0x00000007c0000000)
  eden space 46080K, 92% used [0x00000007bc400000,0x00000007bed76ce0,0x00000007bf100000)
  from space 7680K, 83% used [0x00000007bf100000,0x00000007bf73be98,0x00000007bf880000)
  to   space 7680K, 0% used [0x00000007bf880000,0x00000007bf880000,0x00000007c0000000)
 ParOldGen       total 96768K, used 14641K [0x0000000700000000, 0x0000000705e80000, 0x00000007bc400000)
  object space 96768K, 15% used [0x0000000700000000,0x0000000700e4c758,0x0000000705e80000)
 Metaspace       used 34839K, capacity 35087K, committed 35456K, reserved 1081344K
  class space    used 4288K, capacity 4362K, committed 4480K, reserved 1048576K
Event: 8.256 GC heap after
Heap after GC invocations=5 (full 1):
 PSYoungGen      total 53760K, used 7676K [0x00000007bc400000, 0x00000007c0000000, 0x00000007c0000000)
  eden space 46080K, 0% used [0x00000007bc400000,0x00000007bc400000,0x00000007bf100000)
  from space 7680K, 99% used [0x00000007bf880000,0x00000007bffff208,0x00000007c0000000)
  to   space 7680K, 0% used [0x00000007bf100000,0x00000007bf100000,0x00000007bf880000)
 ParOldGen       total 96768K, used 20964K [0x0000000700000000, 0x0000000705e80000, 0x00000007bc400000)
  object space 96768K, 21% used [0x0000000700000000,0x0000000701479378,0x0000000705e80000)
 Metaspace       used 34839K, capacity 35087K, committed 35456K, reserved 1081344K
  class space    used 4288K, capacity 4362K, committed 4480K, reserved 1048576K
}
Event: 8.256 GC heap before
{Heap before GC invocations=6 (full 2):
 PSYoungGen      total 53760K, used 7676K [0x00000007bc400000, 0x00000007c0000000, 0x00000007c0000000)
  eden space 46080K, 0% used [0x00000007bc400000,0x00000007bc400000,0x00000007bf100000)
  from space 7680K, 99% used [0x00000007bf880000,0x00000007bffff208,0x00000007c0000000)
  to   space 7680K, 0% used [0x00000007bf100000,0x00000007bf100000,0x00000007bf880000)
 ParOldGen       total 96768K, used 20964K [0x0000000700000000, 0x0000000705e80000, 0x00000007bc400000)
  object space 96768K, 21% used [0x0000000700000000,0x0000000701479378,0x0000000705e80000)
 Metaspace       used 34839K, capacity 35087K, committed 35456K, reserved 1081344K
  class space    used 4288K, capacity 4362K, committed 4480K, reserved 1048576K
Event: 8.400 GC heap after
Heap after GC invocations=6 (full 2):
 PSYoungGen      total 53760K, used 0K [0x00000007bc400000, 0x00000007c0000000, 0x00000007c0000000)
  eden space 46080K, 0% used [0x00000007bc400000,0x00000007bc400000,0x00000007bf100000)
  from space 7680K, 0% used [0x00000007bf880000,0x00000007bf880000,0x00000007c0000000)
  to   space 7680K, 0% used [0x00000007bf100000,0x00000007bf100000,0x00000007bf880000)
 ParOldGen       total 159744K, used 24545K [0x0000000700000000, 0x0000000709c00000, 0x00000007bc400000)
  object space 159744K, 15% used [0x0000000700000000,0x00000007017f86c8,0x0000000709c00000)
 Metaspace       used 34839K, capacity 35087K, committed 35456K, reserved 1081344K
  class space    used 4288K, capacity 4362K, committed 4480K, reserved 1048576K
}

