# JRE version: Java(TM) SE Runtime Environment (8.0_112-b15) (build 1.8.0_112-b15)
# Java VM: Java HotSpot(TM) 64-Bit Server VM (25.112-b15 mixed mode windows-amd64 compressed oops)
Heap:
 PSYoungGen      total 51200K, used 41210K [0x00000007bc400000, 0x00000007c0000000, 0x00000007c0000000)
  eden space 40448K, 97% used [0x00000007bc400000,0x00000007bea80a70,0x00000007beb80000)
  from space 10752K, 16% used [0x00000007bf580000,0x00000007bf73e0a8,0x00000007c0000000)
  to   space 10240K, 0% used [0x00000007beb80000,0x00000007beb80000,0x00000007bf580000)
 ParOldGen       total 163840K, used 40306K [0x0000000700000000, 0x000000070a000000, 0x00000007bc400000)
  object space 163840K, 24% used [0x0000000700000000,0x000000070275c8c8,0x000000070a000000)
 Metaspace       used 63164K, capacity 63753K, committed 64256K, reserved 1103872K
  class space    used 9028K, capacity 9161K, committed 9216K, reserved 1048576K
GC Heap History (10 events):
Event: 72.511 GC heap before
{Heap before GC invocations=34 (full 3):
 PSYoungGen      total 49152K, used 15734K [0x00000007bc400000, 0x00000007c0000000, 0x00000007c0000000)
  eden space 36352K, 30% used [0x00000007bc400000,0x00000007bcee7e28,0x00000007be780000)
  from space 12800K, 35% used [0x00000007bf380000,0x00000007bf7f5ad0,0x00000007c0000000)
  to   space 12288K, 0% used [0x00000007be780000,0x00000007be780000,0x00000007bf380000)
 ParOldGen       total 163840K, used 40533K [0x0000000700000000, 0x000000070a000000, 0x00000007bc400000)
  object space 163840K, 24% used [0x0000000700000000,0x0000000702795508,0x000000070a000000)
 Metaspace       used 62398K, capacity 62937K, committed 63488K, reserved 1103872K
  class space    used 9004K, capacity 9127K, committed 9216K, reserved 1048576K
Event: 72.522 GC heap after
Heap after GC invocations=34 (full 3):
 PSYoungGen      total 48640K, used 4102K [0x00000007bc400000, 0x00000007c0000000, 0x00000007c0000000)
  eden space 36352K, 0% used [0x00000007bc400000,0x00000007bc400000,0x00000007be780000)
  from space 12288K, 33% used [0x00000007be780000,0x00000007beb81ac0,0x00000007bf380000)
  to   space 11264K, 0% used [0x00000007bf500000,0x00000007bf500000,0x00000007c0000000)
 ParOldGen       total 163840K, used 40533K [0x0000000700000000, 0x000000070a000000, 0x00000007bc400000)
  object space 163840K, 24% used [0x0000000700000000,0x0000000702795508,0x000000070a000000)
 Metaspace       used 62398K, capacity 62937K, committed 63488K, reserved 1103872K
  class space    used 9004K, capacity 9127K, committed 9216K, reserved 1048576K
}
Event: 72.522 GC heap before
{Heap before GC invocations=35 (full 4):
 PSYoungGen      total 48640K, used 4102K [0x00000007bc400000, 0x00000007c0000000, 0x00000007c0000000)
  eden space 36352K, 0% used [0x00000007bc400000,0x00000007bc400000,0x00000007be780000)
  from space 12288K, 33% used [0x00000007be780000,0x00000007beb81ac0,0x00000007bf380000)
  to   space 11264K, 0% used [0x00000007bf500000,0x00000007bf500000,0x00000007c0000000)
 ParOldGen       total 163840K, used 40533K [0x0000000700000000, 0x000000070a000000, 0x00000007bc400000)
  object space 163840K, 24% used [0x0000000700000000,0x0000000702795508,0x000000070a000000)
 Metaspace       used 62398K, capacity 62937K, committed 63488K, reserved 1103872K
  class space    used 9004K, capacity 9127K, committed 9216K, reserved 1048576K
Event: 72.917 GC heap after
Heap after GC invocations=35 (full 4):
 PSYoungGen      total 48640K, used 0K [0x00000007bc400000, 0x00000007c0000000, 0x00000007c0000000)
  eden space 36352K, 0% used [0x00000007bc400000,0x00000007bc400000,0x00000007be780000)
  from space 12288K, 0% used [0x00000007be780000,0x00000007be780000,0x00000007bf380000)
  to   space 11264K, 0% used [0x00000007bf500000,0x00000007bf500000,0x00000007c0000000)
 ParOldGen       total 163840K, used 40298K [0x0000000700000000, 0x000000070a000000, 0x00000007bc400000)
  object space 163840K, 24% used [0x0000000700000000,0x000000070275a8c8,0x000000070a000000)
 Metaspace       used 62398K, capacity 62937K, committed 63488K, reserved 1103872K
  class space    used 9004K, capacity 9127K, committed 9216K, reserved 1048576K
}
Event: 77.404 GC heap before
{Heap before GC invocations=36 (full 4):
 PSYoungGen      total 48640K, used 36352K [0x00000007bc400000, 0x00000007c0000000, 0x00000007c0000000)
  eden space 36352K, 100% used [0x00000007bc400000,0x00000007be780000,0x00000007be780000)
  from space 12288K, 0% used [0x00000007be780000,0x00000007be780000,0x00000007bf380000)
  to   space 11264K, 0% used [0x00000007bf500000,0x00000007bf500000,0x00000007c0000000)
 ParOldGen       total 163840K, used 40298K [0x0000000700000000, 0x000000070a000000, 0x00000007bc400000)
  object space 163840K, 24% used [0x0000000700000000,0x000000070275a8c8,0x000000070a000000)
 Metaspace       used 62730K, capacity 63295K, committed 63744K, reserved 1103872K
  class space    used 9027K, capacity 9160K, committed 9216K, reserved 1048576K
Event: 77.421 GC heap after
Heap after GC invocations=36 (full 4):
 PSYoungGen      total 50176K, used 1312K [0x00000007bc400000, 0x00000007c0000000, 0x00000007c0000000)
  eden space 38912K, 0% used [0x00000007bc400000,0x00000007bc400000,0x00000007bea00000)
  from space 11264K, 11% used [0x00000007bf500000,0x00000007bf648000,0x00000007c0000000)
  to   space 11264K, 0% used [0x00000007bea00000,0x00000007bea00000,0x00000007bf500000)
 ParOldGen       total 163840K, used 40306K [0x0000000700000000, 0x000000070a000000, 0x00000007bc400000)
  object space 163840K, 24% used [0x0000000700000000,0x000000070275c8c8,0x000000070a000000)
 Metaspace       used 62730K, capacity 63295K, committed 63744K, reserved 1103872K
  class space    used 9027K, capacity 9160K, committed 9216K, reserved 1048576K
}
Event: 81.362 GC heap before
{Heap before GC invocations=37 (full 4):
 PSYoungGen      total 50176K, used 40224K [0x00000007bc400000, 0x00000007c0000000, 0x00000007c0000000)
  eden space 38912K, 100% used [0x00000007bc400000,0x00000007bea00000,0x00000007bea00000)
  from space 11264K, 11% used [0x00000007bf500000,0x00000007bf648000,0x00000007c0000000)
  to   space 11264K, 0% used [0x00000007bea00000,0x00000007bea00000,0x00000007bf500000)
 ParOldGen       total 163840K, used 40306K [0x0000000700000000, 0x000000070a000000, 0x00000007bc400000)
  object space 163840K, 24% used [0x0000000700000000,0x000000070275c8c8,0x000000070a000000)
 Metaspace       used 62796K, capacity 63365K, committed 64000K, reserved 1103872K
  class space    used 9027K, capacity 9161K, committed 9216K, reserved 1048576K
Event: 81.374 GC heap after
Heap after GC invocations=37 (full 4):
 PSYoungGen      total 50176K, used 1088K [0x00000007bc400000, 0x00000007c0000000, 0x00000007c0000000)
  eden space 38912K, 0% used [0x00000007bc400000,0x00000007bc400000,0x00000007bea00000)
  from space 11264K, 9% used [0x00000007bea00000,0x00000007beb10000,0x00000007bf500000)
  to   space 10752K, 0% used [0x00000007bf580000,0x00000007bf580000,0x00000007c0000000)
 ParOldGen       total 163840K, used 40306K [0x0000000700000000, 0x000000070a000000, 0x00000007bc400000)
  object space 163840K, 24% used [0x0000000700000000,0x000000070275c8c8,0x000000070a000000)
 Metaspace       used 62796K, capacity 63365K, committed 64000K, reserved 1103872K
  class space    used 9027K, capacity 9161K, committed 9216K, reserved 1048576K
}
Event: 108.868 GC heap before
{Heap before GC invocations=38 (full 4):
 PSYoungGen      total 50176K, used 40000K [0x00000007bc400000, 0x00000007c0000000, 0x00000007c0000000)
  eden space 38912K, 100% used [0x00000007bc400000,0x00000007bea00000,0x00000007bea00000)
  from space 11264K, 9% used [0x00000007bea00000,0x00000007beb10000,0x00000007bf500000)
  to   space 10752K, 0% used [0x00000007bf580000,0x00000007bf580000,0x00000007c0000000)
 ParOldGen       total 163840K, used 40306K [0x0000000700000000, 0x000000070a000000, 0x00000007bc400000)
  object space 163840K, 24% used [0x0000000700000000,0x000000070275c8c8,0x000000070a000000)
 Metaspace       used 62999K, capacity 63493K, committed 64000K, reserved 1103872K
  class space    used 9028K, capacity 9161K, committed 9216K, reserved 1048576K
Event: 108.877 GC heap after
Heap after GC invocations=38 (full 4):
 PSYoungGen      total 51200K, used 1784K [0x00000007bc400000, 0x00000007c0000000, 0x00000007c0000000)
  eden space 40448K, 0% used [0x00000007bc400000,0x00000007bc400000,0x00000007beb80000)
  from space 10752K, 16% used [0x00000007bf580000,0x00000007bf73e0a8,0x00000007c0000000)
  to   space 10240K, 0% used [0x00000007beb80000,0x00000007beb80000,0x00000007bf580000)
 ParOldGen       total 163840K, used 40306K [0x0000000700000000, 0x000000070a000000, 0x00000007bc400000)
  object space 163840K, 24% used [0x0000000700000000,0x000000070275c8c8,0x000000070a000000)
 Metaspace       used 62999K, capacity 63493K, committed 64000K, reserved 1103872K
  class space    used 9028K, capacity 9161K, committed 9216K, reserved 1048576K
}

